<?xml version="1.0" encoding="UTF-8"?>
<!-- Generated by org.testng.reporters.JUnitReportReporter -->
<testsuite hostname="DESKTOP-D0JLFQF" failures="0" tests="1" name="OpenHRMModule3AdminTest.AddUserValidateAllErrorMassagesWhenNoDataPasses" time="25.399" errors="0" timestamp="2023-03-20T22:49:08 IST" skipped="0">
  <testcase classname="OpenHRMModule3AdminTest.AddUserValidateAllErrorMassagesWhenNoDataPasses" name="verifyAllErrorMessageWhenNoDataPassesByUser" time="25.399"/>
  <system-out/>
</testsuite> <!-- OpenHRMModule3AdminTest.AddUserValidateAllErrorMassagesWhenNoDataPasses -->
