<?xml version="1.0" encoding="UTF-8"?>
<!-- Generated by org.testng.reporters.JUnitReportReporter -->
<testsuite hostname="DESKTOP-D0JLFQF" failures="0" tests="1" name="OpenHRMModule3AdminTest.ValidationOfNewUserCreated" time="23.498" errors="0" timestamp="2023-03-29T14:23:07 IST" skipped="0">
  <testcase classname="OpenHRMModule3AdminTest.ValidationOfNewUserCreated" name="Validation_Of_NewUser_Created" time="23.498"/>
  <system-out/>
</testsuite> <!-- OpenHRMModule3AdminTest.ValidationOfNewUserCreated -->
