<?xml version="1.0" encoding="UTF-8"?>
<!-- Generated by org.testng.reporters.JUnitReportReporter -->
<testsuite hostname="DESKTOP-D0JLFQF" failures="0" tests="1" name="OpenHRMModule3AdminTest.AddUserTest3" time="25.221" errors="0" timestamp="2023-03-20T23:46:16 IST" skipped="0">
  <testcase classname="OpenHRMModule3AdminTest.AddUserTest3" name="verificationofloginmodule" time="25.221"/>
  <system-out/>
</testsuite> <!-- OpenHRMModule3AdminTest.AddUserTest3 -->
