<?xml version="1.0" encoding="UTF-8"?>
<!-- Generated by org.testng.reporters.JUnitReportReporter -->
<testsuite hostname="DESKTOP-D0JLFQF" failures="0" tests="1" name="OpenHRMModule3AdminTest.OpenHRMModule3AdminTest" time="12.380" errors="0" timestamp="2023-03-20T23:42:52 IST" skipped="0">
  <testcase classname="OpenHRMModule3AdminTest.OpenHRMModule3AdminTest" name="verificationofloginmodule" time="12.380"/>
  <system-out/>
</testsuite> <!-- OpenHRMModule3AdminTest.OpenHRMModule3AdminTest -->
