<?xml version="1.0" encoding="UTF-8"?>
<!-- Generated by org.testng.reporters.JUnitReportReporter -->
<testsuite hostname="DESKTOP-D0JLFQF" failures="0" tests="2" name="OpenHRMModule3AdminTest.AddUser" time="0.008" errors="1" timestamp="2023-03-20T23:27:35 IST" skipped="1">
  <testcase classname="OpenHRMModule3AdminTest.AddUser" name="openBroswer" time="0.008">
    <error message="Unresolved compilation problems: 
	The constructor OpenHRMModule1LoginPage(WebDriver) refers to the missing type WebDriver
	The constructor OpenHRMModule2HomePage(WebDriver) refers to the missing type WebDriver
	The constructor OpenHRMModule3AdminPage(WebDriver) refers to the missing type WebDriver
	The constructor OpenHRMModule3Admin_Add_UserPage(WebDriver) refers to the missing type WebDriver
" type="java.lang.Error">
      <![CDATA[java.lang.Error: Unresolved compilation problems: 
The constructor OpenHRMModule1LoginPage(WebDriver) refers to the missing type WebDriver
The constructor OpenHRMModule2HomePage(WebDriver) refers to the missing type WebDriver
The constructor OpenHRMModule3AdminPage(WebDriver) refers to the missing type WebDriver
The constructor OpenHRMModule3Admin_Add_UserPage(WebDriver) refers to the missing type WebDriver

at OpenHRMModule3AdminTest.AddUser.openBroswer(AddUser.java:34)
at java.base/jdk.internal.reflect.NativeMethodAccessorImpl.invoke0(Native Method)
at java.base/jdk.internal.reflect.NativeMethodAccessorImpl.invoke(NativeMethodAccessorImpl.java:78)
at java.base/jdk.internal.reflect.DelegatingMethodAccessorImpl.invoke(DelegatingMethodAccessorImpl.java:43)
at java.base/java.lang.reflect.Method.invoke(Method.java:567)
at org.testng.internal.MethodInvocationHelper.invokeMethod(MethodInvocationHelper.java:133)
at org.testng.internal.MethodInvocationHelper.invokeMethodConsideringTimeout(MethodInvocationHelper.java:62)
at org.testng.internal.ConfigInvoker.invokeConfigurationMethod(ConfigInvoker.java:385)
at org.testng.internal.ConfigInvoker.invokeConfigurations(ConfigInvoker.java:321)
at org.testng.internal.TestMethodWorker.invokeBeforeClassMethods(TestMethodWorker.java:176)
at org.testng.internal.TestMethodWorker.run(TestMethodWorker.java:122)
at java.base/java.util.ArrayList.forEach(ArrayList.java:1511)
at org.testng.TestRunner.privateRun(TestRunner.java:794)
at org.testng.TestRunner.run(TestRunner.java:596)
at org.testng.SuiteRunner.runTest(SuiteRunner.java:377)
at org.testng.SuiteRunner.runSequentially(SuiteRunner.java:371)
at org.testng.SuiteRunner.privateRun(SuiteRunner.java:332)
at org.testng.SuiteRunner.run(SuiteRunner.java:276)
at org.testng.SuiteRunnerWorker.runSuite(SuiteRunnerWorker.java:53)
at org.testng.SuiteRunnerWorker.run(SuiteRunnerWorker.java:96)
at org.testng.TestNG.runSuitesSequentially(TestNG.java:1212)
at org.testng.TestNG.runSuitesLocally(TestNG.java:1134)
at org.testng.TestNG.runSuites(TestNG.java:1063)
at org.testng.TestNG.run(TestNG.java:1031)
at org.testng.remote.AbstractRemoteTestNG.run(AbstractRemoteTestNG.java:115)
at org.testng.remote.RemoteTestNG.initAndRun(RemoteTestNG.java:251)
at org.testng.remote.RemoteTestNG.main(RemoteTestNG.java:77)
]]>
    </error>
  </testcase> <!-- openBroswer -->
  <system-out/>
  <testcase classname="OpenHRMModule3AdminTest.AddUser" name="verificationofloginmodule" time="0.000">
    <skipped/>
  </testcase> <!-- verificationofloginmodule -->
  <system-out/>
</testsuite> <!-- OpenHRMModule3AdminTest.AddUser -->
