<?xml version="1.0" encoding="UTF-8"?>
<!-- Generated by org.testng.reporters.JUnitReportReporter -->
<testsuite hostname="DESKTOP-D0JLFQF" failures="0" tests="1" name="OpenHRMModule2HomeTest.OpenHRMModule2HomeTest" time="8.305" errors="0" timestamp="2023-03-18T14:56:03 IST" skipped="0">
  <testcase classname="OpenHRMModule2HomeTest.OpenHRMModule2HomeTest" name="verificationofloginmodule" time="8.305"/>
  <system-out/>
</testsuite> <!-- OpenHRMModule2HomeTest.OpenHRMModule2HomeTest -->
