<?xml version="1.0" encoding="UTF-8"?>
<!-- Generated by org.testng.reporters.JUnitReportReporter -->
<testsuite hostname="DESKTOP-D0JLFQF" failures="0" tests="1" name="OpenHRMModule3AdminTest.AddUser" time="17.769" errors="0" timestamp="2023-03-19T12:17:06 IST" skipped="0">
  <testcase classname="OpenHRMModule3AdminTest.AddUser" name="verificationofloginmodule" time="17.769"/>
  <system-out/>
</testsuite> <!-- OpenHRMModule3AdminTest.AddUser -->
