<?xml version="1.0" encoding="UTF-8"?>
<!-- Generated by org.testng.reporters.JUnitReportReporter -->
<testsuite hostname="DESKTOP-D0JLFQF" failures="0" tests="1" name="OpenHRMModule3AdminTest.AddUserTest2" time="18.063" errors="0" timestamp="2023-03-19T14:34:08 IST" skipped="0">
  <testcase classname="OpenHRMModule3AdminTest.AddUserTest2" name="verificationofloginmodule" time="18.063"/>
  <system-out/>
</testsuite> <!-- OpenHRMModule3AdminTest.AddUserTest2 -->
