<?xml version="1.0" encoding="UTF-8"?>
<!-- Generated by org.testng.reporters.JUnitReportReporter -->
<testsuite hostname="DESKTOP-D0JLFQF" failures="0" tests="1" name="OpenHRMModule1LoginTest.OpenHRMModule1LoginTest" time="10.819" errors="0" timestamp="2023-09-10T09:31:37 IST" skipped="0">
  <testcase classname="OpenHRMModule1LoginTest.OpenHRMModule1LoginTest" name="verificationofloginmodule" time="10.819"/>
</testsuite> <!-- OpenHRMModule1LoginTest.OpenHRMModule1LoginTest -->
