<?xml version="1.0" encoding="UTF-8"?>
<!-- Generated by org.testng.reporters.JUnitReportReporter -->
<testsuite hostname="DESKTOP-D0JLFQF" failures="0" tests="1" name="OpenHRMModule3AdminTest.OpenHRMModule3AdminTest" time="9.836" errors="0" timestamp="2023-03-18T15:16:25 IST" skipped="0">
  <testcase classname="OpenHRMModule3AdminTest.OpenHRMModule3AdminTest" name="verificationofloginmodule" time="9.836"/>
  <system-out/>
</testsuite> <!-- OpenHRMModule3AdminTest.OpenHRMModule3AdminTest -->
