<?xml version="1.0" encoding="UTF-8"?>
<!-- Generated by org.testng.reporters.JUnitReportReporter -->
<testsuite hostname="DESKTOP-D0JLFQF" failures="0" tests="1" name="OpenHRMModule3AdminTest.AddUserTest3" time="22.210" errors="0" timestamp="2023-09-10T09:31:36 IST" skipped="0">
  <testcase classname="OpenHRMModule3AdminTest.AddUserTest3" name="verificationofloginmodule" time="22.210"/>
</testsuite> <!-- OpenHRMModule3AdminTest.AddUserTest3 -->
