<?xml version="1.0" encoding="UTF-8"?>
<!-- Generated by org.testng.reporters.JUnitReportReporter -->
<testsuite hostname="DESKTOP-D0JLFQF" failures="0" tests="1" name="OpenHRMModule3AdminTest.AddUserTest2" time="39.985" errors="0" timestamp="2023-09-10T09:31:37 IST" skipped="0">
  <testcase classname="OpenHRMModule3AdminTest.AddUserTest2" name="verificationofloginmodule" time="39.985"/>
</testsuite> <!-- OpenHRMModule3AdminTest.AddUserTest2 -->
