<?xml version="1.0" encoding="UTF-8"?>
<!-- Generated by org.testng.reporters.JUnitReportReporter -->
<testsuite hostname="DESKTOP-D0JLFQF" failures="0" tests="1" name="OpenHRMModule2HomeTest.OpenHRMModule2HomeTest" time="7.905" errors="0" timestamp="2023-09-10T09:31:37 IST" skipped="0">
  <testcase classname="OpenHRMModule2HomeTest.OpenHRMModule2HomeTest" name="verificationofloginmodule" time="7.905"/>
</testsuite> <!-- OpenHRMModule2HomeTest.OpenHRMModule2HomeTest -->
