<?xml version="1.0" encoding="UTF-8"?>
<!-- Generated by org.testng.reporters.JUnitReportReporter -->
<testsuite hostname="DESKTOP-D0JLFQF" failures="0" tests="1" name="OpenHRMModule1LoginTest.OpenHRMModule1LoginTest" time="4.697" errors="0" timestamp="2023-03-22T14:34:01 IST" skipped="0">
  <testcase classname="OpenHRMModule1LoginTest.OpenHRMModule1LoginTest" name="verificationofloginmodule" time="4.697"/>
  <system-out/>
</testsuite> <!-- OpenHRMModule1LoginTest.OpenHRMModule1LoginTest -->
