<?xml version="1.0" encoding="UTF-8"?>
<!-- Generated by org.testng.reporters.JUnitReportReporter -->
<testsuite hostname="DESKTOP-D0JLFQF" failures="0" tests="1" name="OpenHRMModule3AdminTest.AddUserValidateAllErrorMassagesWhenNoDataPasses" time="9.800" errors="0" timestamp="2023-03-19T19:17:59 IST" skipped="0">
  <testcase classname="OpenHRMModule3AdminTest.AddUserValidateAllErrorMassagesWhenNoDataPasses" name="verifyAllErrorMessageWhenNoDataPassesByUser" time="9.800"/>
  <system-out/>
</testsuite> <!-- OpenHRMModule3AdminTest.AddUserValidateAllErrorMassagesWhenNoDataPasses -->
