<?xml version="1.0" encoding="UTF-8"?>
<!-- Generated by org.testng.reporters.JUnitReportReporter -->
<testsuite hostname="DESKTOP-D0JLFQF" failures="0" tests="1" name="OpenHRMModule1LoginTest.OpenHRMModule1LoginTest" time="3.631" errors="0" timestamp="2023-03-18T14:09:16 IST" skipped="0">
  <testcase classname="OpenHRMModule1LoginTest.OpenHRMModule1LoginTest" name="verificationofloginmodule" time="3.631"/>
  <system-out/>
</testsuite> <!-- OpenHRMModule1LoginTest.OpenHRMModule1LoginTest -->
