<?xml version="1.0" encoding="UTF-8"?>
<!-- Generated by org.testng.reporters.JUnitReportReporter -->
<testsuite hostname="DESKTOP-D0JLFQF" failures="0" tests="1" name="OpenHRMModule3AdminTest.OpenHRMModule3AdminTest" time="24.568" errors="0" timestamp="2023-09-10T09:31:37 IST" skipped="0">
  <testcase classname="OpenHRMModule3AdminTest.OpenHRMModule3AdminTest" name="verificationofloginmodule" time="24.568"/>
</testsuite> <!-- OpenHRMModule3AdminTest.OpenHRMModule3AdminTest -->
