<?xml version="1.0" encoding="UTF-8"?>
<!-- Generated by org.testng.reporters.JUnitReportReporter -->
<testsuite hostname="DESKTOP-D0JLFQF" failures="0" tests="1" name="OpenHRMModule3AdminTest.AddUserModule_Validate_ErrorMessage_InValidData" time="10.851" errors="0" timestamp="2023-03-19T20:17:11 IST" skipped="0">
  <testcase classname="OpenHRMModule3AdminTest.AddUserModule_Validate_ErrorMessage_InValidData" name="verifyAllErrorMessageWhenNoDataPassesByUser" time="10.851"/>
  <system-out/>
</testsuite> <!-- OpenHRMModule3AdminTest.AddUserModule_Validate_ErrorMessage_InValidData -->
